2025-02-26 16:30:40,714 - INFO - Script started
2025-02-26 16:30:40,715 - INFO - Iteration 0
2025-02-26 16:31:00,042 - INFO - Floor 1
2025-02-26 16:31:01,956 - INFO - Pack: The Outcast
2025-02-26 16:31:08,314 - INFO - Entering risk.png
2025-02-26 16:32:19,128 - INFO - Battle is over
2025-02-26 16:32:35,405 - INFO - Entering event.png
2025-02-26 16:33:41,714 - INFO - Battle is over
2025-02-26 16:36:21,686 - INFO - Battle is over
2025-02-26 16:36:30,742 - INFO - Floor 2
2025-02-26 16:36:32,790 - INFO - Pack: FHelt$ Chicken
2025-02-26 16:36:41,629 - INFO - Entering event.png
2025-02-26 16:36:55,833 - INFO - Entering human.png
2025-02-26 16:38:39,511 - INFO - Battle is over
2025-02-26 16:41:23,400 - INFO - Battle is over
2025-02-26 16:41:30,854 - INFO - Floor 3
2025-02-26 16:41:33,173 - INFO - Pack: The Unconfronting
2025-02-26 16:41:42,212 - INFO - Entering event.png
2025-02-26 23:22:31,377 - INFO - Script started
2025-02-26 23:22:31,377 - INFO - Iteration 0
2025-02-26 23:22:42,666 - ERROR - Initialization error
2025-02-26 23:22:44,429 - ERROR - Server error happened
2025-02-26 23:22:47,872 - ERROR - Server error happened
